{"name": "test_positive_create_user", "status": "failed", "statusDetails": {"message": "AssertionError: It isn't possible to create a user\nassert False", "trace": "@pytest.mark.usefixtures(\"setup_newcustomer_screen\")\n    def test_positive_create_user():\n        try:\n            newCustomer.EnterFirstName(\"Pedro\")\n            newCustomer.EnterLastName(\"Pascal\")\n            newCustomer.EnterEmail(\"mando1424@gmail.com\")\n            newCustomer.EnterPassw(\"Grokuforever123\")\n            newCustomer.ConfirmPassw(\"Grokuforever123\")\n            newCustomer.PressButtonCreate()\n    \n>           text = f.Sel_by_Xpath(\"//span[@class='base'][contains(.,'My Account')]\", t).text\nE           AttributeError: 'NoneType' object has no attribute 'text'\n\nTests\\test_CreateUser.py:38: AttributeError\n\nDuring handling of the above exception, another exception occurred:\n\n    @pytest.mark.usefixtures(\"setup_newcustomer_screen\")\n    def test_positive_create_user():\n        try:\n            newCustomer.EnterFirstName(\"Pedro\")\n            newCustomer.EnterLastName(\"Pascal\")\n            newCustomer.EnterEmail(\"mando1424@gmail.com\")\n            newCustomer.EnterPassw(\"Grokuforever123\")\n            newCustomer.ConfirmPassw(\"Grokuforever123\")\n            newCustomer.PressButtonCreate()\n    \n            text = f.Sel_by_Xpath(\"//span[@class='base'][contains(.,'My Account')]\", t).text\n    \n        except AttributeError as ex:\n>           assert False, \"It isn't possible to create a user\"\nE           AssertionError: It isn't possible to create a user\nE           assert False\n\nTests\\test_CreateUser.py:41: AssertionError"}, "start": 1744593167746, "stop": 1744593184708, "uuid": "e67b9740-5ba6-4574-bb0b-ea4bb0c0533f", "historyId": "2c952d1e82745571f01b4a5b1b218662", "testCaseId": "2c952d1e82745571f01b4a5b1b218662", "fullName": "Tests.test_CreateUser#test_positive_create_user", "labels": [{"name": "tag", "value": "@pytest.mark.usefixtures('setup_newcustomer_screen')"}, {"name": "parentSuite", "value": "Tests"}, {"name": "suite", "value": "test_CreateUser"}, {"name": "host", "value": "JHOHAN-LapTop"}, {"name": "thread", "value": "9332-MainThread"}, {"name": "framework", "value": "pytest"}, {"name": "language", "value": "cpython3"}, {"name": "package", "value": "Tests.test_CreateUser"}]}